#
# There is insufficient memory for the Java Runtime Environment to continue.
# Native memory allocation (malloc) failed to allocate 32744 bytes for ChunkPool::allocate
# Possible reasons:
#   The system is out of physical RAM or swap space
#   The process is running with CompressedOops enabled, and the Java Heap may be blocking the growth of the native heap
# Possible solutions:
#   Reduce memory load on the system
#   Increase physical memory or swap space
#   Check if swap backing store is full
#   Decrease Java heap size (-Xmx/-Xms)
#   Decrease number of Java threads
#   Decrease Java thread stack sizes (-Xss)
#   Set larger code cache with -XX:ReservedCodeCacheSize=
#   JVM is running with Unscaled Compressed Oops mode in which the Java heap is
#     placed in the first 4GB address space. The Java Heap base address is the
#     maximum limit for the native heap growth. Please use -XX:HeapBaseMinAddress
#     to set the Java Heap base and to place the Java Heap above 4GB virtual address.
# This output file may be truncated or incomplete.
#
#  Out of Memory Error (allocation.cpp:272), pid=11580, tid=0x0000000000001928
#
# JRE version: Java(TM) SE Runtime Environment (8.0_321-b07) (build 1.8.0_321-b07)
# Java VM: Java HotSpot(TM) 64-Bit Server VM (25.321-b07 mixed mode windows-amd64 compressed oops)
# Failed to write core dump. Minidumps are not enabled by default on client versions of Windows
#

---------------  T H R E A D  ---------------

Current thread (0x000002a1f7e46000):  JavaThread "C2 CompilerThread0" daemon [_thread_in_native, id=6440, stack(0x000000fc98e00000,0x000000fc98f00000)]

Stack: [0x000000fc98e00000,0x000000fc98f00000]
Native frames: (J=compiled Java code, j=interpreted, Vv=VM code, C=native code)
V  [jvm.dll+0x32fc49]
V  [jvm.dll+0x2761a2]
V  [jvm.dll+0x276e4d]
V  [jvm.dll+0x26d7f5]
V  [jvm.dll+0xd5ead]
V  [jvm.dll+0xd620c]
V  [jvm.dll+0x4e4d0e]
V  [jvm.dll+0x438ca5]
V  [jvm.dll+0x441d65]
V  [jvm.dll+0x441125]
V  [jvm.dll+0x42becb]
V  [jvm.dll+0xac68b]
V  [jvm.dll+0xaaceb]
V  [jvm.dll+0x23e6f2]
V  [jvm.dll+0x292edc]
C  [ucrtbase.dll+0x21bb2]
C  [KERNEL32.DLL+0x17034]
C  [ntdll.dll+0x52651]


Current CompileTask:
C2:  59224 1292       4       java.net.URLClassLoader$1::run (5 bytes)


---------------  P R O C E S S  ---------------

Java Threads: ( => current thread )
  0x000002a1f8ed3000 JavaThread "Hibernate Connection Pool Validation Thread" daemon [_thread_blocked, id=10588, stack(0x000000fc99300000,0x000000fc99400000)]
  0x000002a1f8b16000 JavaThread "mysql-cj-abandoned-connection-cleanup" daemon [_thread_blocked, id=11216, stack(0x000000fc98100000,0x000000fc98200000)]
  0x000002a1f7ed9800 JavaThread "Service Thread" daemon [_thread_blocked, id=11184, stack(0x000000fc99100000,0x000000fc99200000)]
  0x000002a1f7e5a000 JavaThread "C1 CompilerThread2" daemon [_thread_blocked, id=3280, stack(0x000000fc99000000,0x000000fc99100000)]
  0x000002a1f7e54000 JavaThread "C2 CompilerThread1" daemon [_thread_in_native, id=6272, stack(0x000000fc98f00000,0x000000fc99000000)]
=>0x000002a1f7e46000 JavaThread "C2 CompilerThread0" daemon [_thread_in_native, id=6440, stack(0x000000fc98e00000,0x000000fc98f00000)]
  0x000002a1f7e42000 JavaThread "Attach Listener" daemon [_thread_blocked, id=6176, stack(0x000000fc98d00000,0x000000fc98e00000)]
  0x000002a1f7e41000 JavaThread "Signal Dispatcher" daemon [_thread_blocked, id=5608, stack(0x000000fc98c00000,0x000000fc98d00000)]
  0x000002a1f7e26000 JavaThread "Finalizer" daemon [_thread_blocked, id=11024, stack(0x000000fc98b00000,0x000000fc98c00000)]
  0x000002a1f76f2000 JavaThread "Reference Handler" daemon [_thread_blocked, id=9188, stack(0x000000fc98a00000,0x000000fc98b00000)]
  0x000002a1f30b4800 JavaThread "main" [_thread_in_vm, id=6128, stack(0x000000fc98400000,0x000000fc98500000)]

Other Threads:
  0x000002a1f7e03000 VMThread [stack: 0x000000fc98900000,0x000000fc98a00000] [id=2692]
  0x000002a1f7ef8000 WatcherThread [stack: 0x000000fc99200000,0x000000fc99300000] [id=7984]

VM state:not at safepoint (normal execution)

VM Mutex/Monitor currently owned by a thread: None

heap address: 0x00000000c8800000, size: 888 MB, Compressed Oops mode: 32-bit
Narrow klass base: 0x0000000000000000, Narrow klass shift: 3
Compressed class space size: 1073741824 Address: 0x0000000100000000

Heap:
 PSYoungGen      total 16896K, used 12210K [0x00000000ed800000, 0x00000000ef880000, 0x0000000100000000)
  eden space 10240K, 98% used [0x00000000ed800000,0x00000000ee1e5f20,0x00000000ee200000)
  from space 6656K, 31% used [0x00000000ee200000,0x00000000ee4069f8,0x00000000ee880000)
  to   space 6656K, 0% used [0x00000000ef200000,0x00000000ef200000,0x00000000ef880000)
 ParOldGen       total 27136K, used 7241K [0x00000000c8800000, 0x00000000ca280000, 0x00000000ed800000)
  object space 27136K, 26% used [0x00000000c8800000,0x00000000c8f126e0,0x00000000ca280000)
 Metaspace       used 26581K, capacity 27144K, committed 27520K, reserved 1073152K
  class space    used 3712K, capacity 3853K, committed 3968K, reserved 1048576K

Card table byte_map: [0x000002a1f4d70000,0x000002a1f4f30000] byte_map_base: 0x000002a1f472c000

Marking Bits: (ParMarkBitMap*) 0x0000000057359030
 Begin Bits: [0x000002a1f5060000, 0x000002a1f5e40000)
 End Bits:   [0x000002a1f5e40000, 0x000002a1f6c20000)

Polling page: 0x000002a1f4980000

CodeCache: size=245760Kb used=5006Kb max_used=5006Kb free=240753Kb
 bounds [0x000002a180000000, 0x000002a1804f0000, 0x000002a18f000000]
 total_blobs=1951 nmethods=1479 adapters=384
 compilation: enabled

Compilation events (10 events):
Event: 59.008 Thread 0x000002a1f7e5a000 1476       3       sun.reflect.NativeConstructorAccessorImpl::newInstance (89 bytes)
Event: 59.012 Thread 0x000002a1f7e5a000 nmethod 1476 0x000002a1804e33d0 code [0x000002a1804e3640, 0x000002a1804e4980]
Event: 59.012 Thread 0x000002a1f7e5a000 1478       3       java.util.regex.Pattern$Curly::match0 (174 bytes)
Event: 59.014 Thread 0x000002a1f7e5a000 nmethod 1478 0x000002a1804e5190 code [0x000002a1804e5380, 0x000002a1804e5dc0]
Event: 59.014 Thread 0x000002a1f7e5a000 1479       1       sun.util.calendar.CalendarDate::getMonth (5 bytes)
Event: 59.014 Thread 0x000002a1f7e5a000 nmethod 1479 0x000002a1804e6110 code [0x000002a1804e6260, 0x000002a1804e6378]
Event: 59.014 Thread 0x000002a1f7e5a000 1480       1       sun.util.calendar.CalendarDate::getDayOfMonth (5 bytes)
Event: 59.014 Thread 0x000002a1f7e5a000 nmethod 1480 0x000002a1804e63d0 code [0x000002a1804e6520, 0x000002a1804e6638]
Event: 59.014 Thread 0x000002a1f7e5a000 1481       1       sun.util.calendar.CalendarDate::isNormalized (5 bytes)
Event: 59.014 Thread 0x000002a1f7e5a000 nmethod 1481 0x000002a1804e6690 code [0x000002a1804e67e0, 0x000002a1804e68f8]

GC Heap History (10 events):
Event: 57.021 GC heap before
{Heap before GC invocations=4 (full 0):
 PSYoungGen      total 16896K, used 16890K [0x00000000ed800000, 0x00000000eea80000, 0x0000000100000000)
  eden space 14848K, 100% used [0x00000000ed800000,0x00000000ee680000,0x00000000ee680000)
  from space 2048K, 99% used [0x00000000ee680000,0x00000000ee87e9b0,0x00000000ee880000)
  to   space 2048K, 0% used [0x00000000ee880000,0x00000000ee880000,0x00000000eea80000)
 ParOldGen       total 38400K, used 6413K [0x00000000c8800000, 0x00000000cad80000, 0x00000000ed800000)
  object space 38400K, 16% used [0x00000000c8800000,0x00000000c8e434c0,0x00000000cad80000)
 Metaspace       used 19930K, capacity 20306K, committed 20480K, reserved 1067008K
  class space    used 2676K, capacity 2768K, committed 2816K, reserved 1048576K
Event: 57.035 GC heap after
Heap after GC invocations=4 (full 0):
 PSYoungGen      total 16896K, used 2026K [0x00000000ed800000, 0x00000000ef900000, 0x0000000100000000)
  eden space 14848K, 0% used [0x00000000ed800000,0x00000000ed800000,0x00000000ee680000)
  from space 2048K, 98% used [0x00000000ee880000,0x00000000eea7a9a0,0x00000000eea80000)
  to   space 2048K, 0% used [0x00000000ee680000,0x00000000ee680000,0x00000000ee880000)
 ParOldGen       total 38400K, used 10041K [0x00000000c8800000, 0x00000000cad80000, 0x00000000ed800000)
  object space 38400K, 26% used [0x00000000c8800000,0x00000000c91ce700,0x00000000cad80000)
 Metaspace       used 19930K, capacity 20306K, committed 20480K, reserved 1067008K
  class space    used 2676K, capacity 2768K, committed 2816K, reserved 1048576K
}
Event: 57.325 GC heap before
{Heap before GC invocations=5 (full 0):
 PSYoungGen      total 16896K, used 8014K [0x00000000ed800000, 0x00000000ef900000, 0x0000000100000000)
  eden space 14848K, 40% used [0x00000000ed800000,0x00000000eddd8f70,0x00000000ee680000)
  from space 2048K, 98% used [0x00000000ee880000,0x00000000eea7a9a0,0x00000000eea80000)
  to   space 2048K, 0% used [0x00000000ee680000,0x00000000ee680000,0x00000000ee880000)
 ParOldGen       total 38400K, used 10041K [0x00000000c8800000, 0x00000000cad80000, 0x00000000ed800000)
  object space 38400K, 26% used [0x00000000c8800000,0x00000000c91ce700,0x00000000cad80000)
 Metaspace       used 20823K, capacity 21170K, committed 21296K, reserved 1067008K
  class space    used 2813K, capacity 2902K, committed 2944K, reserved 1048576K
Event: 57.333 GC heap after
Heap after GC invocations=5 (full 0):
 PSYoungGen      total 16896K, used 2042K [0x00000000ed800000, 0x00000000ef900000, 0x0000000100000000)
  eden space 14848K, 0% used [0x00000000ed800000,0x00000000ed800000,0x00000000ee680000)
  from space 2048K, 99% used [0x00000000ee680000,0x00000000ee87e9b0,0x00000000ee880000)
  to   space 2048K, 0% used [0x00000000ee880000,0x00000000ee880000,0x00000000eea80000)
 ParOldGen       total 38400K, used 10839K [0x00000000c8800000, 0x00000000cad80000, 0x00000000ed800000)
  object space 38400K, 28% used [0x00000000c8800000,0x00000000c9295d90,0x00000000cad80000)
 Metaspace       used 20823K, capacity 21170K, committed 21296K, reserved 1067008K
  class space    used 2813K, capacity 2902K, committed 2944K, reserved 1048576K
}
Event: 57.333 GC heap before
{Heap before GC invocations=6 (full 1):
 PSYoungGen      total 16896K, used 2042K [0x00000000ed800000, 0x00000000ef900000, 0x0000000100000000)
  eden space 14848K, 0% used [0x00000000ed800000,0x00000000ed800000,0x00000000ee680000)
  from space 2048K, 99% used [0x00000000ee680000,0x00000000ee87e9b0,0x00000000ee880000)
  to   space 2048K, 0% used [0x00000000ee880000,0x00000000ee880000,0x00000000eea80000)
 ParOldGen       total 38400K, used 10839K [0x00000000c8800000, 0x00000000cad80000, 0x00000000ed800000)
  object space 38400K, 28% used [0x00000000c8800000,0x00000000c9295d90,0x00000000cad80000)
 Metaspace       used 20823K, capacity 21170K, committed 21296K, reserved 1067008K
  class space    used 2813K, capacity 2902K, committed 2944K, reserved 1048576K
Event: 57.388 GC heap after
Heap after GC invocations=6 (full 1):
 PSYoungGen      total 16896K, used 0K [0x00000000ed800000, 0x00000000ef900000, 0x0000000100000000)
  eden space 14848K, 0% used [0x00000000ed800000,0x00000000ed800000,0x00000000ee680000)
  from space 2048K, 0% used [0x00000000ee680000,0x00000000ee680000,0x00000000ee880000)
  to   space 2048K, 0% used [0x00000000ee880000,0x00000000ee880000,0x00000000eea80000)
 ParOldGen       total 27136K, used 6717K [0x00000000c8800000, 0x00000000ca280000, 0x00000000ed800000)
  object space 27136K, 24% used [0x00000000c8800000,0x00000000c8e8f7a0,0x00000000ca280000)
 Metaspace       used 20823K, capacity 21170K, committed 21296K, reserved 1067008K
  class space    used 2813K, capacity 2902K, committed 2944K, reserved 1048576K
}
Event: 57.994 GC heap before
{Heap before GC invocations=7 (full 1):
 PSYoungGen      total 16896K, used 14848K [0x00000000ed800000, 0x00000000ef900000, 0x0000000100000000)
  eden space 14848K, 100% used [0x00000000ed800000,0x00000000ee680000,0x00000000ee680000)
  from space 2048K, 0% used [0x00000000ee680000,0x00000000ee680000,0x00000000ee880000)
  to   space 2048K, 0% used [0x00000000ee880000,0x00000000ee880000,0x00000000eea80000)
 ParOldGen       total 27136K, used 6717K [0x00000000c8800000, 0x00000000ca280000, 0x00000000ed800000)
  object space 27136K, 24% used [0x00000000c8800000,0x00000000c8e8f7a0,0x00000000ca280000)
 Metaspace       used 23798K, capacity 24232K, committed 24576K, reserved 1071104K
  class space    used 3190K, capacity 3283K, committed 3328K, reserved 1048576K
Event: 58.000 GC heap after
Heap after GC invocations=7 (full 1):
 PSYoungGen      total 12288K, used 2025K [0x00000000ed800000, 0x00000000f0100000, 0x0000000100000000)
  eden space 10240K, 0% used [0x00000000ed800000,0x00000000ed800000,0x00000000ee200000)
  from space 2048K, 98% used [0x00000000ee880000,0x00000000eea7a530,0x00000000eea80000)
  to   space 6656K, 0% used [0x00000000ee200000,0x00000000ee200000,0x00000000ee880000)
 ParOldGen       total 27136K, used 7233K [0x00000000c8800000, 0x00000000ca280000, 0x00000000ed800000)
  object space 27136K, 26% used [0x00000000c8800000,0x00000000c8f106e0,0x00000000ca280000)
 Metaspace       used 23798K, capacity 24232K, committed 24576K, reserved 1071104K
  class space    used 3190K, capacity 3283K, committed 3328K, reserved 1048576K
}
Event: 58.473 GC heap before
{Heap before GC invocations=8 (full 1):
 PSYoungGen      total 12288K, used 12265K [0x00000000ed800000, 0x00000000f0100000, 0x0000000100000000)
  eden space 10240K, 100% used [0x00000000ed800000,0x00000000ee200000,0x00000000ee200000)
  from space 2048K, 98% used [0x00000000ee880000,0x00000000eea7a530,0x00000000eea80000)
  to   space 6656K, 0% used [0x00000000ee200000,0x00000000ee200000,0x00000000ee880000)
 ParOldGen       total 27136K, used 7233K [0x00000000c8800000, 0x00000000ca280000, 0x00000000ed800000)
  object space 27136K, 26% used [0x00000000c8800000,0x00000000c8f106e0,0x00000000ca280000)
 Metaspace       used 25214K, capacity 25710K, committed 25984K, reserved 1071104K
  class space    used 3491K, capacity 3604K, committed 3712K, reserved 1048576K
Event: 58.478 GC heap after
Heap after GC invocations=8 (full 1):
 PSYoungGen      total 16896K, used 2074K [0x00000000ed800000, 0x00000000ef880000, 0x0000000100000000)
  eden space 10240K, 0% used [0x00000000ed800000,0x00000000ed800000,0x00000000ee200000)
  from space 6656K, 31% used [0x00000000ee200000,0x00000000ee4069f8,0x00000000ee880000)
  to   space 6656K, 0% used [0x00000000ef200000,0x00000000ef200000,0x00000000ef880000)
 ParOldGen       total 27136K, used 7241K [0x00000000c8800000, 0x00000000ca280000, 0x00000000ed800000)
  object space 27136K, 26% used [0x00000000c8800000,0x00000000c8f126e0,0x00000000ca280000)
 Metaspace       used 25214K, capacity 25710K, committed 25984K, reserved 1071104K
  class space    used 3491K, capacity 3604K, committed 3712K, reserved 1048576K
}

Deoptimization events (7 events):
Event: 54.809 Thread 0x000002a1f30b4800 Uncommon trap: reason=unstable_if action=reinterpret pc=0x000002a18029e528 method=java.util.HashMap.getNode(ILjava/lang/Object;)Ljava/util/HashMap$Node; @ 62
Event: 54.812 Thread 0x000002a1f30b4800 Uncommon trap: reason=unstable_if action=reinterpret pc=0x000002a18028ccf4 method=java.util.HashMap.getNode(ILjava/lang/Object;)Ljava/util/HashMap$Node; @ 62
Event: 55.775 Thread 0x000002a1f30b4800 Uncommon trap: reason=unstable_if action=reinterpret pc=0x000002a1802e52c8 method=java.io.WinNTFileSystem.normalize(Ljava/lang/String;)Ljava/lang/String; @ 128
Event: 56.077 Thread 0x000002a1f30b4800 Uncommon trap: reason=unstable_if action=reinterpret pc=0x000002a18028887c method=sun.nio.cs.UTF_8$Decoder.decode([BII[C)I @ 30
Event: 56.552 Thread 0x000002a1f30b4800 Uncommon trap: reason=predicate action=maybe_recompile pc=0x000002a1802e454c method=sun.net.www.ParseUtil.encodePath(Ljava/lang/String;Z)Ljava/lang/String; @ 36
Event: 56.636 Thread 0x000002a1f30b4800 Uncommon trap: reason=unstable_if action=reinterpret pc=0x000002a18038d460 method=sun.misc.ASCIICaseInsensitiveComparator.compare(Ljava/lang/String;Ljava/lang/String;)I @ 83
Event: 56.850 Thread 0x000002a1f30b4800 Uncommon trap: reason=bimorphic action=maybe_recompile pc=0x000002a1803c2000 method=java.util.HashMap.putVal(ILjava/lang/Object;Ljava/lang/Object;ZZ)Ljava/lang/Object; @ 203

Classes redefined (0 events):
No events

Internal exceptions (10 events):
Event: 53.746 Thread 0x000002a1f30b4800 Exception <a 'java/security/PrivilegedActionException'> (0x00000000ed98eba8) thrown at [C:\jenkins\workspace\8-2-build-windows-amd64-cygwin\jdk8u321\2141\hotspot\src\share\vm\prims\jvm.cpp, line 1523]
Event: 53.746 Thread 0x000002a1f30b4800 Exception <a 'java/security/PrivilegedActionException'> (0x00000000ed98ffb0) thrown at [C:\jenkins\workspace\8-2-build-windows-amd64-cygwin\jdk8u321\2141\hotspot\src\share\vm\prims\jvm.cpp, line 1523]
Event: 53.746 Thread 0x000002a1f30b4800 Exception <a 'java/security/PrivilegedActionException'> (0x00000000ed9901c0) thrown at [C:\jenkins\workspace\8-2-build-windows-amd64-cygwin\jdk8u321\2141\hotspot\src\share\vm\prims\jvm.cpp, line 1523]
Event: 54.370 Thread 0x000002a1f30b4800 Exception <a 'java/lang/NoSuchFieldError': method resolution failed> (0x00000000ee06dc98) thrown at [C:\jenkins\workspace\8-2-build-windows-amd64-cygwin\jdk8u321\2141\hotspot\src\share\vm\prims\methodHandles.cpp, line 1169]
Event: 54.374 Thread 0x000002a1f30b4800 Exception <a 'java/lang/NoSuchFieldError': method resolution failed> (0x00000000ee07b388) thrown at [C:\jenkins\workspace\8-2-build-windows-amd64-cygwin\jdk8u321\2141\hotspot\src\share\vm\prims\methodHandles.cpp, line 1169]
Event: 54.741 Thread 0x000002a1f30b4800 Exception <a 'java/lang/ClassNotFoundException': java/lang/Module> (0x00000000ed8c8958) thrown at [C:\jenkins\workspace\8-2-build-windows-amd64-cygwin\jdk8u321\2141\hotspot\src\share\vm\classfile\systemDictionary.cpp, line 212]
Event: 56.175 Thread 0x000002a1f30b4800 Exception <a 'java/lang/ClassNotFoundException': > (0x00000000ee13ebb0) thrown at [C:\jenkins\workspace\8-2-build-windows-amd64-cygwin\jdk8u321\2141\hotspot\src\share\vm\prims\jni.cpp, line 737]
Event: 57.606 Thread 0x000002a1f30b4800 Exception <a 'java/lang/NoSuchMethodError': java.lang.Object.lambda$comparing$77a9974f$1(Ljava/util/function/Function;Ljava/lang/Object;Ljava/lang/Object;)I> (0x00000000edcba760) thrown at [C:\jenkins\workspace\8-2-build-windows-amd64-cygwin\jdk8u321\2141
Event: 58.582 Thread 0x000002a1f30b4800 Exception <a 'java/lang/ClassNotFoundException': java/lang/Module> (0x00000000ed98da78) thrown at [C:\jenkins\workspace\8-2-build-windows-amd64-cygwin\jdk8u321\2141\hotspot\src\share\vm\classfile\systemDictionary.cpp, line 212]
Event: 58.752 Thread 0x000002a1f30b4800 Exception <a 'java/lang/NoSuchMethodError': java.lang.Object.lambda$static$0(Lorg/hibernate/loader/plan/spi/LoadPlan;Lorg/hibernate/loader/plan/exec/spi/AliasResolutionContext;Lorg/hibernate/loader/plan/exec/process/spi/ReaderCollector;ZZ)Lorg/hibernate/l

Events (10 events):
Event: 59.006 loading class org/hibernate/internal/log/ConnectionAccessLogger_$logger_en_US
Event: 59.006 loading class org/hibernate/internal/log/ConnectionAccessLogger_$logger_en_US done
Event: 59.006 loading class org/hibernate/internal/log/ConnectionAccessLogger_$logger_en
Event: 59.006 loading class org/hibernate/internal/log/ConnectionAccessLogger_$logger_en done
Event: 59.006 loading class org/hibernate/internal/log/ConnectionAccessLogger_$logger
Event: 59.006 loading class org/hibernate/internal/log/ConnectionAccessLogger_$logger done
Event: 59.012 loading class com/mysql/cj/exceptions/CJTimeoutException
Event: 59.012 loading class com/mysql/cj/exceptions/CJTimeoutException done
Event: 59.017 loading class com/mysql/cj/exceptions/StatementIsClosedException
Event: 59.017 loading class com/mysql/cj/exceptions/StatementIsClosedException done


Dynamic libraries:
0x00007ff7e59e0000 - 0x00007ff7e5a27000 	C:\Program Files\Java\jre1.8.0_321\bin\javaw.exe
0x00007ff95ee50000 - 0x00007ff95f045000 	C:\WINDOWS\SYSTEM32\ntdll.dll
0x00007ff95ded0000 - 0x00007ff95df8e000 	C:\WINDOWS\System32\KERNEL32.DLL
0x00007ff95c570000 - 0x00007ff95c838000 	C:\WINDOWS\System32\KERNELBASE.dll
0x00007ff95e990000 - 0x00007ff95ea3e000 	C:\WINDOWS\System32\ADVAPI32.dll
0x00007ff95ea40000 - 0x00007ff95eade000 	C:\WINDOWS\System32\msvcrt.dll
0x00007ff95e8f0000 - 0x00007ff95e98c000 	C:\WINDOWS\System32\sechost.dll
0x00007ff95e790000 - 0x00007ff95e8b5000 	C:\WINDOWS\System32\RPCRT4.dll
0x00007ff95eae0000 - 0x00007ff95ec80000 	C:\WINDOWS\System32\USER32.dll
0x00007ff95c930000 - 0x00007ff95c952000 	C:\WINDOWS\System32\win32u.dll
0x00007ff95d950000 - 0x00007ff95d97b000 	C:\WINDOWS\System32\GDI32.dll
0x00007ff95ca00000 - 0x00007ff95cb0b000 	C:\WINDOWS\System32\gdi32full.dll
0x00007ff95c960000 - 0x00007ff95c9fd000 	C:\WINDOWS\System32\msvcp_win.dll
0x00007ff95cd00000 - 0x00007ff95ce00000 	C:\WINDOWS\System32\ucrtbase.dll
0x00007ff942fd0000 - 0x00007ff94326a000 	C:\WINDOWS\WinSxS\amd64_microsoft.windows.common-controls_6595b64144ccf1df_6.0.19041.1110_none_60b5254171f9507e\COMCTL32.dll
0x00007ff95e8c0000 - 0x00007ff95e8f0000 	C:\WINDOWS\System32\IMM32.DLL
0x00007ff9173e0000 - 0x00007ff9173f5000 	C:\Program Files\Java\jre1.8.0_321\bin\vcruntime140.dll
0x00007ff908780000 - 0x00007ff90881b000 	C:\Program Files\Java\jre1.8.0_321\bin\msvcp140.dll
0x0000000056b70000 - 0x00000000573d1000 	C:\Program Files\Java\jre1.8.0_321\bin\server\jvm.dll
0x00007ff95d0d0000 - 0x00007ff95d0d8000 	C:\WINDOWS\System32\PSAPI.DLL
0x00007ff952740000 - 0x00007ff952767000 	C:\WINDOWS\SYSTEM32\WINMM.dll
0x00007ff942b60000 - 0x00007ff942b69000 	C:\WINDOWS\SYSTEM32\WSOCK32.dll
0x00007ff952770000 - 0x00007ff95277a000 	C:\WINDOWS\SYSTEM32\VERSION.dll
0x00007ff95ec80000 - 0x00007ff95eceb000 	C:\WINDOWS\System32\WS2_32.dll
0x00007ff95a480000 - 0x00007ff95a492000 	C:\WINDOWS\SYSTEM32\kernel.appcore.dll
0x00007ff942b50000 - 0x00007ff942b60000 	C:\Program Files\Java\jre1.8.0_321\bin\verify.dll
0x00007ff941430000 - 0x00007ff94145b000 	C:\Program Files\Java\jre1.8.0_321\bin\java.dll
0x00007ff9413b0000 - 0x00007ff9413c8000 	C:\Program Files\Java\jre1.8.0_321\bin\zip.dll
0x00007ff95d200000 - 0x00007ff95d944000 	C:\WINDOWS\System32\SHELL32.dll
0x00007ff95a680000 - 0x00007ff95ae14000 	C:\WINDOWS\SYSTEM32\windows.storage.dll
0x00007ff95e300000 - 0x00007ff95e654000 	C:\WINDOWS\System32\combase.dll
0x00007ff95bf60000 - 0x00007ff95bf8c000 	C:\WINDOWS\SYSTEM32\Wldp.dll
0x00007ff95d010000 - 0x00007ff95d0bd000 	C:\WINDOWS\System32\SHCORE.dll
0x00007ff95ecf0000 - 0x00007ff95ed45000 	C:\WINDOWS\System32\shlwapi.dll
0x00007ff95c4b0000 - 0x00007ff95c4cf000 	C:\WINDOWS\SYSTEM32\profapi.dll
0x00007ff95beb0000 - 0x00007ff95bec8000 	C:\WINDOWS\SYSTEM32\CRYPTSP.dll
0x00007ff95b5e0000 - 0x00007ff95b614000 	C:\WINDOWS\system32\rsaenh.dll
0x00007ff95c840000 - 0x00007ff95c867000 	C:\WINDOWS\System32\bcrypt.dll
0x00007ff95c430000 - 0x00007ff95c45e000 	C:\WINDOWS\SYSTEM32\USERENV.dll
0x00007ff95cb10000 - 0x00007ff95cb92000 	C:\WINDOWS\System32\bcryptprimitives.dll
0x00007ff95bed0000 - 0x00007ff95bedc000 	C:\WINDOWS\SYSTEM32\CRYPTBASE.dll
0x00007ff9577e0000 - 0x00007ff9577fc000 	C:\Program Files\Java\jre1.8.0_321\bin\net.dll
0x00007ff95bcc0000 - 0x00007ff95bd2a000 	C:\WINDOWS\system32\mswsock.dll
0x00007ff95b950000 - 0x00007ff95b98b000 	C:\WINDOWS\SYSTEM32\IPHLPAPI.DLL
0x00007ff95ddf0000 - 0x00007ff95ddf8000 	C:\WINDOWS\System32\NSI.dll
0x00007ff953610000 - 0x00007ff953627000 	C:\WINDOWS\SYSTEM32\dhcpcsvc6.DLL
0x00007ff953890000 - 0x00007ff9538ad000 	C:\WINDOWS\SYSTEM32\dhcpcsvc.DLL
0x00007ff95b990000 - 0x00007ff95ba5a000 	C:\WINDOWS\SYSTEM32\DNSAPI.dll
0x00007ff9577c0000 - 0x00007ff9577d3000 	C:\Program Files\Java\jre1.8.0_321\bin\nio.dll
0x00007ff942fb0000 - 0x00007ff942fc7000 	C:\WINDOWS\system32\napinsp.dll
0x00007ff941410000 - 0x00007ff94142b000 	C:\WINDOWS\system32\pnrpnsp.dll
0x00007ff9413f0000 - 0x00007ff941405000 	C:\WINDOWS\system32\wshbth.dll
0x00007ff957f50000 - 0x00007ff957f6d000 	C:\WINDOWS\system32\NLAapi.dll
0x00007ff9413d0000 - 0x00007ff9413e2000 	C:\WINDOWS\System32\winrnr.dll
0x00007ff94f610000 - 0x00007ff94f68f000 	C:\WINDOWS\System32\fwpuclnt.dll
0x00007ff94dd10000 - 0x00007ff94dd1a000 	C:\Windows\System32\rasadhlp.dll
0x00007ff955430000 - 0x00007ff955614000 	C:\WINDOWS\SYSTEM32\dbghelp.dll

VM Arguments:
jvm_args: -Dfile.encoding=UTF-8 -Djava.net.preferIPv4Stack=true 
java_command: com.ob.ess_portal_application_development.App
java_class_path (initial): C:\Users\LENOVO\Desktop\TestYantra\TestYantra\classworks\javaconcepts\javabasics\ess_portal_application_development\target\classes;C:\Users\LENOVO\.m2\repository\mysql\mysql-connector-java\8.0.28\mysql-connector-java-8.0.28.jar;C:\Users\LENOVO\.m2\repository\com\google\protobuf\protobuf-java\3.11.4\protobuf-java-3.11.4.jar;C:\Users\LENOVO\.m2\repository\org\hibernate\hibernate-entitymanager\5.6.8.Final\hibernate-entitymanager-5.6.8.Final.jar;C:\Users\LENOVO\.m2\repository\org\jboss\logging\jboss-logging\3.4.3.Final\jboss-logging-3.4.3.Final.jar;C:\Users\LENOVO\.m2\repository\org\hibernate\hibernate-core\5.6.8.Final\hibernate-core-5.6.8.Final.jar;C:\Users\LENOVO\.m2\repository\antlr\antlr\2.7.7\antlr-2.7.7.jar;C:\Users\LENOVO\.m2\repository\org\jboss\jandex\2.4.2.Final\jandex-2.4.2.Final.jar;C:\Users\LENOVO\.m2\repository\com\fasterxml\classmate\1.5.1\classmate-1.5.1.jar;C:\Users\LENOVO\.m2\repository\javax\activation\javax.activation-api\1.2.0\javax.activation-api-1.2.0.jar;C:\Users\LENOVO\.m2\repository\javax\xml\bind\jaxb-api\2.3.1\jaxb-api-2.3.1.jar;C:\Users\LENOVO\.m2\repository\org\glassfish\jaxb\jaxb-runtime\2.3.1\jaxb-runtime-2.3.1.jar;C:\Users\LENOVO\.m2\repository\org\glassfish\jaxb\txw2\2.3.1\txw2-2.3.1.jar;C:\Users\LENOVO\.m2\repository\com\sun\istack\istack-commons-runtime\3.0.7\istack-commons-runtime-3.0.7.jar;C:\Users\LENOVO\.m2\repository\org\jvnet\staxex\stax-ex\1.8\stax-ex-1.8.jar;C:\Users\LENOVO\.m2\repository\com\sun\xml\fastinfoset\FastInfoset\1.2.15\FastInfoset-1.2.15.jar;C:\Users\LENOVO\.m2\repository\org\hibernate\common\hibernate-commons-annotations\5.1.2.Final\hibernate-commons-annotations-5.1.2.Final.jar;C:\Users\LENOVO\.m2\repository\javax\persistence\javax.persistence-api\2.2\javax.persistence-api-2.2.jar;C:\Users\LENOVO\.m2\repository\net\bytebuddy\byte-buddy\1.12.9\byte-buddy-1.12.9.jar;C:\Users\LENOVO\.m2\repository\org\jboss\spec\javax\transaction\jboss-transaction-api_1.2_spec\1.1.1.Final\jboss-transactio
Launcher Type: SUN_STANDARD

Environment Variables:
_JAVA_OPTIONS=-Djava.net.preferIPv4Stack=true
PATH=C:/Program Files/Java/jre1.8.0_321/bin/server;C:/Program Files/Java/jre1.8.0_321/bin;C:/Program Files/Java/jre1.8.0_321/lib/amd64;C:\Program Files (x86)\Common Files\Oracle\Java\javapath;C:\WINDOWS\system32;C:\WINDOWS;C:\WINDOWS\System32\Wbem;C:\WINDOWS\System32\WindowsPowerShell\v1.0\;C:\Program Files\MATLAB\MATLAB Production Server\R2015a\runtime\win64;C:\Program Files\MATLAB\MATLAB Production Server\R2015a\bin;C:\Program Files\MATLAB\MATLAB Production Server\R2015a\polyspace\bin;C:\WINDOWS\System32\OpenSSH\;C:\Program Files\nodejs\;C:\Users\flutter\bin;C:\Program Files\Git\cmd;C:\Program Files\Java\jdk1.8.0_321\bin;C:\Users\LENOVO\AppData\Local\Programs\Python\Python39\Scripts\;C:\Users\LENOVO\AppData\Local\Programs\Python\Python39\;C:\Users\LENOVO\AppData\Local\Microsoft\WindowsApps;;C:\Users\LENOVO\AppData\Local\Programs\Microsoft VS Code\bin;C:\Users\LENOVO\AppData\Roaming\npm;C:\Users\LENOVO\Desktop;
USERNAME=LENOVO
OS=Windows_NT
PROCESSOR_IDENTIFIER=AMD64 Family 22 Model 48 Stepping 1, AuthenticAMD



---------------  S Y S T E M  ---------------

OS: Windows 10 , 64 bit Build 19041 (10.0.19041.1566)

CPU:total 4 (initial active 4) (4 cores per cpu, 1 threads per core) family 22 model 48 stepping 1, cmov, cx8, fxsr, mmx, sse, sse2, sse3, ssse3, sse4.1, sse4.2, popcnt, avx, aes, clmul, mmxext, 3dnowpref, lzcnt, sse4a, tsc, tscinvbit, tscinv, bmi1

Memory: 4k page, physical 3633524k(353844k free), swap 14643572k(112k free)

vm_info: Java HotSpot(TM) 64-Bit Server VM (25.321-b07) for windows-amd64 JRE (1.8.0_321-b07), built on Dec 15 2021 11:19:20 by "java_re" with MS VC++ 15.9 (VS2017)

time: Thu May  5 11:31:03 2022
timezone: India Standard Time
elapsed time: 59.237402 seconds (0d 0h 0m 59s)

